

HI-TECH Software PIC LITE Macro Assembler V9.80 build 6738 
                                                                                               Wed Jun 20 22:55:02 2012

HI-TECH Software Omniscient Code Generator (Lite mode) build 6738
     1  0000                     opt subtitle "HI-TECH Software Omniscient Code Generator (Lite mode) build 6738"
     2                           
     3                           opt pagewidth 120
     4                           
     5                           	opt lm
     6                           
     7                           	processor	16F876A
     8                           clrc	macro
     9                           	bcf	3,0
    10  0000                     	endm
    11                           clrz	macro
    12                           	bcf	3,2
    13  0000                     	endm
    14                           setc	macro
    15                           	bsf	3,0
    16  0000                     	endm
    17                           setz	macro
    18                           	bsf	3,2
    19  0000                     	endm
    20                           skipc	macro
    21                           	btfss	3,0
    22  0000                     	endm
    23                           skipz	macro
    24                           	btfss	3,2
    25  0000                     	endm
    26                           skipnc	macro
    27                           	btfsc	3,0
    28  0000                     	endm
    29                           skipnz	macro
    30                           	btfsc	3,2
    31  0000                     	endm
    32  0000                     indf	equ	0
    33  0000                     indf0	equ	0
    34  0002                     pc	equ	2
    35  0002                     pcl	equ	2
    36  0003                     status	equ	3
    37  0004                     fsr	equ	4
    38  0004                     fsr0	equ	4
    39  0001                     c	equ	1
    40  0000                     z	equ	0
    41  000A                     pclath	equ	10
    42                           # 13 "C:\Users\Phang\Desktop\9.80\PR 10B\PR10.c"
    43                           	psect config,class=CONFIG,delta=2 ;#
    44                           # 13 "C:\Users\Phang\Desktop\9.80\PR 10B\PR10.c"
    45  2007  3F32               	dw 0x3F32 ;#
    46                           	FNCALL	_main,_delay
    47                           	FNROOT	_main
    48                           	global	_temp
    49                           psect	idataCOMMON,class=CODE,space=0,delta=2
    50                           global __pidataCOMMON
    51  0746                     __pidataCOMMON:
    52                           	file	"C:\Users\Phang\Desktop\9.80\PR 10B\PR10.c"
    53                           	line	29
    54                           
    55                           ;initializer for _temp
    56  0746  3432               	retlw	032h
    57                           	global	_CCP1CON
    58  0017                     _CCP1CON	set	23
    59                           	global	_CCPR1L
    60  0015                     _CCPR1L	set	21
    61                           	global	_T2CON
    62  0012                     _T2CON	set	18
    63                           	global	_RA1
    64  0029                     _RA1	set	41
    65                           	global	_RA2
    66  002A                     _RA2	set	42
    67                           	global	_RA3
    68  002B                     _RA3	set	43
    69                           	global	_RA4
    70  002C                     _RA4	set	44
    71                           	global	_RB1
    72  0031                     _RB1	set	49
    73                           	global	_RB2
    74  0032                     _RB2	set	50
    75                           	global	_ADCON1
    76  009F                     _ADCON1	set	159
    77                           	global	_PR2
    78  0092                     _PR2	set	146
    79                           	global	_TRISA
    80  0085                     _TRISA	set	133
    81                           	global	_TRISB
    82  0086                     _TRISB	set	134
    83                           	global	_TRISC
    84  0087                     _TRISC	set	135
    85                           	file	"PR 10B.as"
    86                           	line	#
    87                           psect cinit,class=CODE,delta=2
    88                           global start_initialization
    89  0747                     start_initialization:
    90                           
    91                           psect	dataCOMMON,class=COMMON,space=1
    92                           global __pdataCOMMON
    93  0079                     __pdataCOMMON:
    94                           	file	"C:\Users\Phang\Desktop\9.80\PR 10B\PR10.c"
    95  0079                     _temp:
    96  0079                            ds      1
    97                           
    98                           ; Initialize objects allocated to COMMON
    99                           	global __pidataCOMMON
   100                           psect cinit,class=CODE,delta=2
   101  0747  120A  118A  2746   	fcall	__pidataCOMMON+0		;fetch initializer
              120A  118A         
   102  074C  00F9               	movwf	__pdataCOMMON+0&07fh		
   103                           psect cinit,class=CODE,delta=2
   104                           global end_of_initialization
   105                           
   106                           ;End of C runtime variable initialization code
   107                           
   108  074D                     end_of_initialization:
   109  074D  0183               clrf status
   110  074E  120A  118A  2F81   ljmp _main	;jump to C main() function
   111                           psect	cstackCOMMON,class=COMMON,space=1
   112                           global __pcstackCOMMON
   113  0070                     __pcstackCOMMON:
   114                           	global	?_delay
   115  0070                     ?_delay:	; 0 bytes @ 0x0
   116                           	global	?_main
   117  0070                     ?_main:	; 0 bytes @ 0x0
   118                           	global	delay@data
   119  0070                     delay@data:	; 4 bytes @ 0x0
   120  0070                     	ds	4
   121                           	global	??_delay
   122  0074                     ??_delay:	; 0 bytes @ 0x4
   123  0074                     	ds	4
   124                           	global	??_main
   125  0078                     ??_main:	; 0 bytes @ 0x8
   126  0078                     	ds	1
   127 ;;Data sizes: Strings 0, constant 0, data 1, bss 0, persistent 0 stack 0
   128 ;;Auto spaces:   Size  Autos    Used
   129 ;; COMMON          14      9      10
   130 ;; BANK0           80      0       0
   131 ;; BANK1           80      0       0
   132 ;; BANK3           96      0       0
   133 ;; BANK2           96      0       0
   134                           
   135 ;;
   136 ;; Pointer list with targets:
   137                           
   138                           
   139                           
   140 ;;
   141 ;; Critical Paths under _main in COMMON
   142 ;;
   143 ;;   _main->_delay
   144 ;;
   145 ;; Critical Paths under _main in BANK0
   146 ;;
   147 ;;   None.
   148 ;;
   149 ;; Critical Paths under _main in BANK1
   150 ;;
   151 ;;   None.
   152 ;;
   153 ;; Critical Paths under _main in BANK3
   154 ;;
   155 ;;   None.
   156 ;;
   157 ;; Critical Paths under _main in BANK2
   158 ;;
   159 ;;   None.
   160                           
   161 ;;
   162 ;;Main: autosize = 0, tempsize = 1, incstack = 0, save=0
   163 ;;
   164                           
   165 ;;
   166 ;;Call Graph Tables:
   167 ;;
   168 ;; ---------------------------------------------------------------------------------
   169 ;; (Depth) Function   	        Calls       Base Space   Used Autos Params    Refs
   170 ;; ---------------------------------------------------------------------------------
   171 ;; (0) _main                                                 1     1      0      30
   172 ;;                                              8 COMMON     1     1      0
   173 ;;                              _delay
   174 ;; ---------------------------------------------------------------------------------
   175 ;; (1) _delay                                                8     4      4      30
   176 ;;                                              0 COMMON     8     4      4
   177 ;; ---------------------------------------------------------------------------------
   178 ;; Estimated maximum stack depth 1
   179 ;; ---------------------------------------------------------------------------------
   180                           
   181 ;; Call Graph Graphs:
   182                           
   183 ;; _main (ROOT)
   184 ;;   _delay
   185 ;;
   186                           
   187 ;; Address spaces:
   188                           
   189 ;;Name               Size   Autos  Total    Cost      Usage
   190 ;;BANK3               60      0       0       9        0.0%
   191 ;;BITBANK3            60      0       0       8        0.0%
   192 ;;SFR3                 0      0       0       4        0.0%
   193 ;;BITSFR3              0      0       0       4        0.0%
   194 ;;BANK2               60      0       0      11        0.0%
   195 ;;BITBANK2            60      0       0      10        0.0%
   196 ;;SFR2                 0      0       0       5        0.0%
   197 ;;BITSFR2              0      0       0       5        0.0%
   198 ;;SFR1                 0      0       0       2        0.0%
   199 ;;BITSFR1              0      0       0       2        0.0%
   200 ;;BANK1               50      0       0       7        0.0%
   201 ;;BITBANK1            50      0       0       6        0.0%
   202 ;;CODE                 0      0       0       0        0.0%
   203 ;;DATA                 0      0       B      12        0.0%
   204 ;;ABS                  0      0       A       3        0.0%
   205 ;;NULL                 0      0       0       0        0.0%
   206 ;;STACK                0      0       1       2        0.0%
   207 ;;BANK0               50      0       0       5        0.0%
   208 ;;BITBANK0            50      0       0       4        0.0%
   209 ;;SFR0                 0      0       0       1        0.0%
   210 ;;BITSFR0              0      0       0       1        0.0%
   211 ;;COMMON               E      9       A       1       71.4%
   212 ;;BITCOMMON            E      0       0       0        0.0%
   213 ;;EEDATA             100      0       0       0        0.0%
   214                           
   215                           	global	_main
   216                           psect	maintext,global,class=CODE,delta=2
   217                           global __pmaintext
   218  0781                     __pmaintext:
   219                           
   220 ;; *************** function _main *****************
   221 ;; Defined at:
   222 ;;		line 34 in file "C:\Users\Phang\Desktop\9.80\PR 10B\PR10.c"
   223 ;; Parameters:    Size  Location     Type
   224 ;;		None
   225 ;; Auto vars:     Size  Location     Type
   226 ;;		None
   227 ;; Return value:  Size  Location     Type
   228 ;;		None               void
   229 ;; Registers used:
   230 ;;		wreg, status,2, status,0, pclath, cstack
   231 ;; Tracked objects:
   232 ;;		On entry : 17F/0
   233 ;;		On exit  : 0/0
   234 ;;		Unchanged: 0/0
   235 ;; Data sizes:     COMMON   BANK0   BANK1   BANK3   BANK2
   236 ;;      Params:         0       0       0       0       0
   237 ;;      Locals:         0       0       0       0       0
   238 ;;      Temps:          1       0       0       0       0
   239 ;;      Totals:         1       0       0       0       0
   240 ;;Total ram usage:        1 bytes
   241 ;; Hardware stack levels required when called:    1
   242 ;; This function calls:
   243 ;;		_delay
   244 ;; This function is called by:
   245 ;;		Startup code after reset
   246 ;; This function uses a non-reentrant model
   247 ;;
   248                           psect	maintext
   249                           	file	"C:\Users\Phang\Desktop\9.80\PR 10B\PR10.c"
   250                           	line	34
   251                           	global	__size_of_main
   252  007F                     	__size_of_main	equ	__end_of_main-_main
   253                           	
   254  0781                     _main:	
   255                           	opt	stack 7
   256                           ; Regs used in _main: [wreg+status,2+status,0+pclath+cstack]
   257                           	line	36
   258                           	
   259  0781                     l1680:	
   260                           ;PR10.c: 36: ADCON1 = 0x06;
   261  0781  3006               	movlw	(06h)
   262  0782  1683               	bsf	status, 5	;RP0=1, select bank1
   263  0783  1303               	bcf	status, 6	;RP1=0, select bank1
   264  0784  009F               	movwf	(159)^080h	;volatile
   265                           	line	38
   266                           ;PR10.c: 38: TRISA = 0b11111111;
   267  0785  30FF               	movlw	(0FFh)
   268  0786  0085               	movwf	(133)^080h	;volatile
   269                           	line	39
   270                           	
   271  0787                     l1682:	
   272                           ;PR10.c: 39: TRISB = 0b00000000;
   273  0787  0186               	clrf	(134)^080h	;volatile
   274                           	line	40
   275                           	
   276  0788                     l1684:	
   277                           ;PR10.c: 40: TRISC = 0b11000000;
   278  0788  30C0               	movlw	(0C0h)
   279  0789  0087               	movwf	(135)^080h	;volatile
   280                           	line	42
   281                           	
   282  078A                     l1686:	
   283                           ;PR10.c: 42: CCP1CON = 0b00001100;
   284  078A  300C               	movlw	(0Ch)
   285  078B  1283               	bcf	status, 5	;RP0=0, select bank0
   286  078C  1303               	bcf	status, 6	;RP1=0, select bank0
   287  078D  0097               	movwf	(23)	;volatile
   288                           	line	45
   289                           	
   290  078E                     l1688:	
   291                           ;PR10.c: 45: PR2 = 0xFF;
   292  078E  30FF               	movlw	(0FFh)
   293  078F  1683               	bsf	status, 5	;RP0=1, select bank1
   294  0790  1303               	bcf	status, 6	;RP1=0, select bank1
   295  0791  0092               	movwf	(146)^080h	;volatile
   296                           	line	46
   297                           	
   298  0792                     l1690:	
   299                           ;PR10.c: 46: T2CON = 0b00000101;
   300  0792  3005               	movlw	(05h)
   301  0793  1283               	bcf	status, 5	;RP0=0, select bank0
   302  0794  1303               	bcf	status, 6	;RP1=0, select bank0
   303  0795  0092               	movwf	(18)	;volatile
   304                           	line	49
   305                           	
   306  0796                     l1692:	
   307                           ;PR10.c: 49: CCPR1L = 0;
   308  0796  0195               	clrf	(21)	;volatile
   309                           	line	50
   310                           	
   311  0797                     l1694:	
   312                           ;PR10.c: 50: RB2 = 0;
   313  0797  1106               	bcf	(50/8),(50)&7
   314                           	line	51
   315                           	
   316  0798                     l1696:	
   317                           ;PR10.c: 51: RB1 = 0;
   318  0798  1086               	bcf	(49/8),(49)&7
   319  0799  2F9A               	goto	l1698
   320                           	line	53
   321                           ;PR10.c: 53: while(1)
   322                           	
   323  079A                     l499:	
   324                           	line	55
   325                           	
   326  079A                     l1698:	
   327                           ;PR10.c: 54: {
   328                           ;PR10.c: 55: if(RA1==0)
   329  079A  1283               	bcf	status, 5	;RP0=0, select bank0
   330  079B  1303               	bcf	status, 6	;RP1=0, select bank0
   331  079C  1885               	btfsc	(41/8),(41)&7
   332  079D  2F9F               	goto	u2171
   333  079E  2FA0               	goto	u2170
   334  079F                     u2171:
   335  079F  2FA4               	goto	l500
   336  07A0                     u2170:
   337                           	line	57
   338                           	
   339  07A0                     l1700:	
   340                           ;PR10.c: 56: {
   341                           ;PR10.c: 57: CCPR1L=0;
   342  07A0  0195               	clrf	(21)	;volatile
   343                           	line	58
   344                           	
   345  07A1                     l1702:	
   346                           ;PR10.c: 58: RB2=0;
   347  07A1  1106               	bcf	(50/8),(50)&7
   348                           	line	59
   349                           	
   350  07A2                     l1704:	
   351                           ;PR10.c: 59: RB1=0;
   352  07A2  1086               	bcf	(49/8),(49)&7
   353                           	line	60
   354                           ;PR10.c: 60: }
   355  07A3  2F9A               	goto	l1698
   356                           	line	62
   357                           	
   358  07A4                     l500:	
   359                           ;PR10.c: 62: else if(RA2==0)
   360  07A4  1905               	btfsc	(42/8),(42)&7
   361  07A5  2FA7               	goto	u2181
   362  07A6  2FA8               	goto	u2180
   363  07A7                     u2181:
   364  07A7  2FBE               	goto	l502
   365  07A8                     u2180:
   366  07A8  2FAA               	goto	l503
   367                           	line	64
   368                           	
   369  07A9                     l1706:	
   370                           ;PR10.c: 63: {
   371                           ;PR10.c: 64: while(RA2==0)continue;
   372  07A9  2FAA               	goto	l503
   373                           	
   374  07AA                     l504:	
   375                           	
   376  07AA                     l503:	
   377  07AA  1D05               	btfss	(42/8),(42)&7
   378  07AB  2FAD               	goto	u2191
   379  07AC  2FAE               	goto	u2190
   380  07AD                     u2191:
   381  07AD  2FAA               	goto	l503
   382  07AE                     u2190:
   383  07AE  2FAF               	goto	l1708
   384                           	
   385  07AF                     l505:	
   386                           	line	65
   387                           	
   388  07AF                     l1708:	
   389                           ;PR10.c: 65: CCPR1L=temp;
   390  07AF  0879               	movf	(_temp),w
   391  07B0  0095               	movwf	(21)	;volatile
   392                           	line	66
   393                           ;PR10.c: 66: RB2=!RB2;
   394  07B1  3004               	movlw	1<<((50)&7)
   395  07B2  0686               	xorwf	((50)/8),f
   396                           	line	67
   397                           	
   398  07B3                     l1710:	
   399                           ;PR10.c: 67: RB1=!RB2;
   400  07B3  1D06               	btfss	(50/8),(50)&7
   401  07B4  2FB6               	goto	u2201
   402  07B5  2FBA               	goto	u2200
   403                           	
   404  07B6                     u2201:
   405  07B6  1283               	bcf	status, 5	;RP0=0, select bank0
   406  07B7  1303               	bcf	status, 6	;RP1=0, select bank0
   407  07B8  1486               	bsf	(49/8),(49)&7
   408  07B9  2FBD               	goto	u2214
   409  07BA                     u2200:
   410  07BA  1283               	bcf	status, 5	;RP0=0, select bank0
   411  07BB  1303               	bcf	status, 6	;RP1=0, select bank0
   412  07BC  1086               	bcf	(49/8),(49)&7
   413  07BD                     u2214:
   414                           	line	68
   415                           ;PR10.c: 68: }
   416  07BD  2F9A               	goto	l1698
   417                           	line	70
   418                           	
   419  07BE                     l502:	
   420                           ;PR10.c: 70: else if(RA3==0)
   421  07BE  1985               	btfsc	(43/8),(43)&7
   422  07BF  2FC1               	goto	u2221
   423  07C0  2FC2               	goto	u2220
   424  07C1                     u2221:
   425  07C1  2FDD               	goto	l507
   426  07C2                     u2220:
   427                           	line	72
   428                           	
   429  07C2                     l1712:	
   430                           ;PR10.c: 71: {
   431                           ;PR10.c: 72: if(temp<255)temp+=1;
   432  07C2  0879               	movf	(_temp),w
   433  07C3  3AFF               	xorlw	0FFh
   434  07C4  1903               	skipnz
   435  07C5  2FC7               	goto	u2231
   436  07C6  2FC8               	goto	u2230
   437  07C7                     u2231:
   438  07C7  2FCD               	goto	l1716
   439  07C8                     u2230:
   440                           	
   441  07C8                     l1714:	
   442  07C8  3001               	movlw	(01h)
   443  07C9  00F8               	movwf	(??_main+0)+0
   444  07CA  0878               	movf	(??_main+0)+0,w
   445  07CB  07F9               	addwf	(_temp),f
   446  07CC  2FCD               	goto	l1716
   447                           	
   448  07CD                     l508:	
   449                           	line	73
   450                           	
   451  07CD                     l1716:	
   452                           ;PR10.c: 73: CCPR1L=temp;
   453  07CD  0879               	movf	(_temp),w
   454  07CE  0095               	movwf	(21)	;volatile
   455                           	line	74
   456                           	
   457  07CF                     l1718:	
   458                           ;PR10.c: 74: delay(5000);
   459  07CF  3000               	movlw	0
   460  07D0  00F3               	movwf	(?_delay+3)
   461  07D1  3000               	movlw	0
   462  07D2  00F2               	movwf	(?_delay+2)
   463  07D3  3013               	movlw	013h
   464  07D4  00F1               	movwf	(?_delay+1)
   465  07D5  3088               	movlw	088h
   466  07D6  00F0               	movwf	(?_delay)
   467                           
   468  07D7  120A  118A  2751   	fcall	_delay
              120A  118A         
   469                           	line	75
   470                           ;PR10.c: 75: }
   471  07DC  2F9A               	goto	l1698
   472                           	line	77
   473                           	
   474  07DD                     l507:	
   475                           ;PR10.c: 77: else if(RA4==0)
   476  07DD  1A05               	btfsc	(44/8),(44)&7
   477  07DE  2FE0               	goto	u2241
   478  07DF  2FE1               	goto	u2240
   479  07E0                     u2241:
   480  07E0  2F9A               	goto	l1698
   481  07E1                     u2240:
   482                           	line	79
   483                           	
   484  07E1                     l1720:	
   485                           ;PR10.c: 78: {
   486                           ;PR10.c: 79: if(temp>0)temp-=1;
   487  07E1  0879               	movf	(_temp),w
   488  07E2  1D03               	skipz
   489  07E3  2FE5               	goto	u2250
   490  07E4  2FE8               	goto	l1724
   491  07E5                     u2250:
   492                           	
   493  07E5                     l1722:	
   494  07E5  3001               	movlw	low(01h)
   495  07E6  02F9               	subwf	(_temp),f
   496  07E7  2FE8               	goto	l1724
   497                           	
   498  07E8                     l511:	
   499                           	line	80
   500                           	
   501  07E8                     l1724:	
   502                           ;PR10.c: 80: CCPR1L=temp;
   503  07E8  0879               	movf	(_temp),w
   504  07E9  0095               	movwf	(21)	;volatile
   505                           	line	81
   506                           	
   507  07EA                     l1726:	
   508                           ;PR10.c: 81: delay(5000);
   509  07EA  3000               	movlw	0
   510  07EB  00F3               	movwf	(?_delay+3)
   511  07EC  3000               	movlw	0
   512  07ED  00F2               	movwf	(?_delay+2)
   513  07EE  3013               	movlw	013h
   514  07EF  00F1               	movwf	(?_delay+1)
   515  07F0  3088               	movlw	088h
   516  07F1  00F0               	movwf	(?_delay)
   517                           
   518  07F2  120A  118A  2751   	fcall	_delay
              120A  118A         
   519  07F7  2F9A               	goto	l1698
   520                           	line	82
   521                           	
   522  07F8                     l510:	
   523  07F8  2F9A               	goto	l1698
   524                           	line	83
   525                           	
   526  07F9                     l509:	
   527  07F9  2F9A               	goto	l1698
   528                           	
   529  07FA                     l506:	
   530  07FA  2F9A               	goto	l1698
   531                           	
   532  07FB                     l501:	
   533  07FB  2F9A               	goto	l1698
   534                           	
   535  07FC                     l512:	
   536                           	line	53
   537  07FC  2F9A               	goto	l1698
   538                           	
   539  07FD                     l513:	
   540                           	line	84
   541                           	
   542  07FD                     l514:	
   543                           	global	start
   544  07FD  120A  118A  2800   	ljmp	start
   545                           	opt stack 0
   546                           GLOBAL	__end_of_main
   547  0800                     	__end_of_main:
   548 ;; =============== function _main ends ============
   549                           
   550                           	signat	_main,88
   551                           	global	_delay
   552                           psect	text55,local,class=CODE,delta=2
   553                           global __ptext55
   554  0751                     __ptext55:
   555                           
   556 ;; *************** function _delay *****************
   557 ;; Defined at:
   558 ;;		line 89 in file "C:\Users\Phang\Desktop\9.80\PR 10B\PR10.c"
   559 ;; Parameters:    Size  Location     Type
   560 ;;  data            4    0[COMMON] unsigned long 
   561 ;; Auto vars:     Size  Location     Type
   562 ;;		None
   563 ;; Return value:  Size  Location     Type
   564 ;;		None               void
   565 ;; Registers used:
   566 ;;		wreg
   567 ;; Tracked objects:
   568 ;;		On entry : 0/0
   569 ;;		On exit  : 0/0
   570 ;;		Unchanged: 0/0
   571 ;; Data sizes:     COMMON   BANK0   BANK1   BANK3   BANK2
   572 ;;      Params:         4       0       0       0       0
   573 ;;      Locals:         0       0       0       0       0
   574 ;;      Temps:          4       0       0       0       0
   575 ;;      Totals:         8       0       0       0       0
   576 ;;Total ram usage:        8 bytes
   577 ;; Hardware stack levels used:    1
   578 ;; This function calls:
   579 ;;		Nothing
   580 ;; This function is called by:
   581 ;;		_main
   582 ;; This function uses a non-reentrant model
   583 ;;
   584                           psect	text55
   585                           	file	"C:\Users\Phang\Desktop\9.80\PR 10B\PR10.c"
   586                           	line	89
   587                           	global	__size_of_delay
   588  0030                     	__size_of_delay	equ	__end_of_delay-_delay
   589                           	
   590  0751                     _delay:	
   591                           	opt	stack 7
   592                           ; Regs used in _delay: [wreg]
   593                           	line	90
   594                           	
   595  0751                     l888:	
   596                           ;PR10.c: 90: for( ;data>0;data-=1);
   597  0751  0873               	movf	(delay@data+3),w
   598  0752  0472               	iorwf	(delay@data+2),w
   599  0753  0471               	iorwf	(delay@data+1),w
   600  0754  0470               	iorwf	(delay@data),w
   601  0755  1D03               	skipz
   602  0756  2F58               	goto	u11
   603  0757  2F59               	goto	u10
   604  0758                     u11:
   605  0758  2F5B               	goto	l892
   606  0759                     u10:
   607  0759  2F80               	goto	l519
   608                           	
   609  075A                     l890:	
   610  075A  2F80               	goto	l519
   611                           	
   612  075B                     l517:	
   613                           	
   614  075B                     l892:	
   615  075B  3001               	movlw	01h
   616  075C  00F4               	movwf	((??_delay+0)+0)
   617  075D  3000               	movlw	0
   618  075E  00F5               	movwf	((??_delay+0)+0+1)
   619  075F  3000               	movlw	0
   620  0760  00F6               	movwf	((??_delay+0)+0+2)
   621  0761  3000               	movlw	0
   622  0762  00F7               	movwf	((??_delay+0)+0+3)
   623  0763  0874               	movf	0+(??_delay+0)+0,w
   624  0764  02F0               	subwf	(delay@data),f
   625  0765  0875               	movf	1+(??_delay+0)+0,w
   626  0766  1C03               	skipc
   627  0767  0F75               	incfsz	1+(??_delay+0)+0,w
   628  0768  2F6A               	goto	u25
   629  0769  2F6B               	goto	u26
   630  076A                     u25:
   631  076A  02F1               	subwf	(delay@data+1),f
   632  076B                     u26:
   633  076B  0876               	movf	2+(??_delay+0)+0,w
   634  076C  1C03               	skipc
   635  076D  0F76               	incfsz	2+(??_delay+0)+0,w
   636  076E  2F70               	goto	u27
   637  076F  2F71               	goto	u28
   638  0770                     u27:
   639  0770  02F2               	subwf	(delay@data+2),f
   640  0771                     u28:
   641  0771  0877               	movf	3+(??_delay+0)+0,w
   642  0772  1C03               	skipc
   643  0773  0F77               	incfsz	3+(??_delay+0)+0,w
   644  0774  2F76               	goto	u29
   645  0775  2F77               	goto	u20
   646  0776                     u29:
   647  0776  02F3               	subwf	(delay@data+3),f
   648  0777                     u20:
   649                           
   650  0777  0873               	movf	(delay@data+3),w
   651  0778  0472               	iorwf	(delay@data+2),w
   652  0779  0471               	iorwf	(delay@data+1),w
   653  077A  0470               	iorwf	(delay@data),w
   654  077B  1D03               	skipz
   655  077C  2F7E               	goto	u31
   656  077D  2F7F               	goto	u30
   657  077E                     u31:
   658  077E  2F5B               	goto	l892
   659  077F                     u30:
   660  077F  2F80               	goto	l519
   661                           	
   662  0780                     l518:	
   663                           	line	91
   664                           	
   665  0780                     l519:	
   666  0780  0008               	return
   667                           	opt stack 0
   668                           GLOBAL	__end_of_delay
   669  0781                     	__end_of_delay:
   670 ;; =============== function _delay ends ============
   671                           
   672                           	signat	_delay,4216
   673                           psect	text56,local,class=CODE,delta=2
   674                           global __ptext56
   675  0000                     __ptext56:
   676                           	global	btemp
   677  007E                     	btemp set 07Eh
   678                           
   679                           	DABS	1,126,2	;btemp
   680                           	global	wtemp0
   681  007E                     	wtemp0 set btemp


HI-TECH Software PICC Macro Assembler V9.80 build 6738 
Symbol Table                                                                                   Wed Jun 20 22:55:02 2012

                  u10 0759                    u11 0758                    u20 0777                    u30 077F  
                  u31 077E                    u25 076A                    u26 076B                    u27 0770  
                  u28 0771                    u29 0776                   l500 07A4                   l501 07FB  
                 l510 07F8                   l502 07BE                   l511 07E8                   l503 07AA  
                 l512 07FC                   l504 07AA                   l513 07FD                   l505 07AF  
                 l514 07FD                   l506 07FA                   l507 07DD                   l508 07CD  
                 l517 075B                   l509 07F9                   l518 0780                   l519 0780  
                 l499 079A                   l890 075A                   l892 075B                   l888 0751  
                 _RA1 0029                   _RA2 002A                   _RB1 0031                   _RA3 002B  
                 _RB2 0032                   _RA4 002C                   _PR2 0092                  l1700 07A0  
                l1710 07B3                  l1702 07A1                  l1720 07E1                  l1712 07C2  
                l1704 07A2                  l1722 07E5                  l1714 07C8                  l1706 07A9  
                l1724 07E8                  l1716 07CD                  l1708 07AF                  l1726 07EA  
                l1718 07CF                  l1680 0781                  l1690 0792                  l1682 0787  
                l1692 0796                  l1684 0788                  l1694 0797                  l1686 078A  
                l1696 0798                  l1688 078E                  l1698 079A                  u2200 07BA  
                u2201 07B6                  u2220 07C2                  u2221 07C1                  u2230 07C8  
                u2214 07BD                  u2231 07C7                  u2240 07E1                  u2241 07E0  
                u2250 07E5                  u2170 07A0                  u2171 079F                  u2180 07A8  
                u2181 07A7                  u2190 07AE                  u2191 07AD                  _main 0781  
                _temp 0079                  btemp 007E                  start 0000                 ?_main 0070  
               _T2CON 0012                 _TRISA 0085                 _TRISB 0086                 _TRISC 0087  
               _delay 0751                 status 0003                 wtemp0 007E          __end_of_main 0800  
              ??_main 0078                ?_delay 0070                _ADCON1 009F                _CCPR1L 0015  
        __pdataCOMMON 0079        __pcstackCOMMON 0070         __end_of_delay 0781               ??_delay 0074  
          __pmaintext 0781               _CCP1CON 0017  end_of_initialization 074D         __pidataCOMMON 0746  
 start_initialization 0747        __size_of_delay 0030             delay@data 0070              __ptext55 0751  
            __ptext56 0000         __size_of_main 007F  
